<?xml version="1.0" encoding="UTF-8"?>
<!-- Generated by org.testng.reporters.JUnitReportReporter -->
<testsuite skipped="0" hostname="adem.local" name="com.qa.spaceLabs.test.HomePageTest" tests="1" failures="0" timestamp="2021-01-11T19:08:35 EST" time="1.334" errors="0">
  <testcase name="sendKeyToSearchButtonTest" time="1.334" classname="com.qa.spaceLabs.test.HomePageTest"/>
  <system-out/>
</testsuite> <!-- com.qa.spaceLabs.test.HomePageTest -->
